Listening for transport dt_socket at address: 8984
WARNING: System properties and/or JVM args set.  Consider using --dry-run or --exec
0    [main] INFO  org.eclipse.jetty.server.Server  [   ] – jetty-8.1.10.v20130312
16   [main] INFO  org.eclipse.jetty.deploy.providers.ScanningAppProvider  [   ] – Deployment monitor C:\projects\semantic-knowledge-graph\deploy\solr\server\contexts at interval 0
31   [main] INFO  org.eclipse.jetty.deploy.DeploymentManager  [   ] – Deployable added: C:\projects\semantic-knowledge-graph\deploy\solr\server\contexts\solr-jetty-context.xml
78   [main] INFO  org.eclipse.jetty.webapp.WebInfConfiguration  [   ] – Extract jar:file:/C:/projects/semantic-knowledge-graph/deploy/solr/server/webapps/solr.war!/ to C:\projects\semantic-knowledge-graph\deploy\solr\server\solr-webapp\webapp
2402 [main] INFO  org.eclipse.jetty.webapp.StandardDescriptorProcessor  [   ] – NO JSP Support for /solr, did not find org.apache.jasper.servlet.JspServlet
2465 [main] INFO  org.apache.solr.servlet.SolrDispatchFilter  [   ] – SolrDispatchFilter.init()WebAppClassLoader=131206411@7d20d0b
2480 [main] INFO  org.apache.solr.core.SolrResourceLoader  [   ] – JNDI not configured for solr (NoInitialContextEx)
2480 [main] INFO  org.apache.solr.core.SolrResourceLoader  [   ] – using system property solr.solr.home: C:/projects/semantic-knowledge-graph/deploy/solr/server/solr
2480 [main] INFO  org.apache.solr.core.SolrResourceLoader  [   ] – new SolrResourceLoader for directory: 'C:/projects/semantic-knowledge-graph/deploy/solr/server/solr\'
2855 [main] INFO  org.apache.solr.core.SolrXmlConfig  [   ] – Loading container configuration from C:\projects\semantic-knowledge-graph\deploy\solr\server\solr\solr.xml
3198 [main] INFO  org.apache.solr.core.CoresLocator  [   ] – Config-defined core root directory: C:\projects\semantic-knowledge-graph\deploy\solr\server\solr
3229 [main] INFO  org.apache.solr.core.CoreContainer  [   ] – New CoreContainer 1600594643
3229 [main] INFO  org.apache.solr.core.CoreContainer  [   ] – Loading cores into CoreContainer [instanceDir=C:/projects/semantic-knowledge-graph/deploy/solr/server/solr\]
3229 [main] INFO  org.apache.solr.core.CoreContainer  [   ] – loading shared library: C:\projects\semantic-knowledge-graph\deploy\solr\server\solr\lib
3229 [main] WARN  org.apache.solr.core.SolrResourceLoader  [   ] – Can't find (or read) directory to add to classloader: lib (resolved as: C:\projects\semantic-knowledge-graph\deploy\solr\server\solr\lib).
3245 [main] INFO  org.apache.solr.handler.component.HttpShardHandlerFactory  [   ] – Setting socketTimeout to: 600000
3245 [main] INFO  org.apache.solr.handler.component.HttpShardHandlerFactory  [   ] – Setting urlScheme to: null
3260 [main] INFO  org.apache.solr.handler.component.HttpShardHandlerFactory  [   ] – Setting connTimeout to: 60000
3260 [main] INFO  org.apache.solr.handler.component.HttpShardHandlerFactory  [   ] – Setting maxConnectionsPerHost to: 20
3260 [main] INFO  org.apache.solr.handler.component.HttpShardHandlerFactory  [   ] – Setting maxConnections to: 10000
3260 [main] INFO  org.apache.solr.handler.component.HttpShardHandlerFactory  [   ] – Setting corePoolSize to: 0
3260 [main] INFO  org.apache.solr.handler.component.HttpShardHandlerFactory  [   ] – Setting maximumPoolSize to: 2147483647
3260 [main] INFO  org.apache.solr.handler.component.HttpShardHandlerFactory  [   ] – Setting maxThreadIdleTime to: 5
3260 [main] INFO  org.apache.solr.handler.component.HttpShardHandlerFactory  [   ] – Setting sizeOfQueue to: -1
3260 [main] INFO  org.apache.solr.handler.component.HttpShardHandlerFactory  [   ] – Setting fairnessPolicy to: false
3260 [main] INFO  org.apache.solr.handler.component.HttpShardHandlerFactory  [   ] – Setting useRetries to: false
3962 [main] INFO  org.apache.solr.update.UpdateShardHandler  [   ] – Creating UpdateShardHandler HTTP client with params: socketTimeout=600000&connTimeout=60000&retry=true
3978 [main] INFO  org.apache.solr.logging.LogWatcher  [   ] – SLF4J impl is org.slf4j.impl.Log4jLoggerFactory
3978 [main] INFO  org.apache.solr.logging.LogWatcher  [   ] – Registering Log Listener [Log4j (org.slf4j.impl.Log4jLoggerFactory)]
3978 [main] INFO  org.apache.solr.core.CoreContainer  [   ] – Node Name: 
4009 [main] INFO  org.apache.solr.core.CoresLocator  [   ] – Looking for core definitions underneath C:\projects\semantic-knowledge-graph\deploy\solr\server\solr
4040 [main] INFO  org.apache.solr.core.SolrCore  [   ] – CORE DESCRIPTOR: {name=core0, config=solrconfig.xml, instanceDir=C:\projects\semantic-knowledge-graph\deploy\solr\server\solr\core0, loadOnStartup=true, absoluteInstDir=C:\projects\semantic-knowledge-graph\deploy\solr\server\solr\core0\, schema=schema.xml, transient=false, dataDir=data\}
4040 [main] INFO  org.apache.solr.core.CoresLocator  [   ] – Found core core0 in C:\projects\semantic-knowledge-graph\deploy\solr\server\solr\core0\
4040 [main] INFO  org.apache.solr.core.SolrCore  [   ] – CORE DESCRIPTOR: {name=knowledge-graph, config=solrconfig.xml, instanceDir=C:\projects\semantic-knowledge-graph\deploy\solr\server\solr\knowledge-graph, loadOnStartup=true, absoluteInstDir=C:\projects\semantic-knowledge-graph\deploy\solr\server\solr\knowledge-graph\, schema=schema.xml, transient=false, dataDir=data\}
4040 [main] INFO  org.apache.solr.core.CoresLocator  [   ] – Found core knowledge-graph in C:\projects\semantic-knowledge-graph\deploy\solr\server\solr\knowledge-graph\
4040 [main] INFO  org.apache.solr.core.CoresLocator  [   ] – Found 2 core definitions
4040 [coreLoadExecutor-5-thread-1] INFO  org.apache.solr.core.SolrResourceLoader  [   ] – new SolrResourceLoader for directory: 'C:\projects\semantic-knowledge-graph\deploy\solr\server\solr\core0\'
4040 [coreLoadExecutor-5-thread-2] INFO  org.apache.solr.core.SolrResourceLoader  [   ] – new SolrResourceLoader for directory: 'C:\projects\semantic-knowledge-graph\deploy\solr\server\solr\knowledge-graph\'
4118 [coreLoadExecutor-5-thread-1] INFO  org.apache.solr.core.SolrConfig  [   ] – current version of requestparams : -1
4118 [coreLoadExecutor-5-thread-2] INFO  org.apache.solr.core.SolrConfig  [   ] – current version of requestparams : -1
4118 [coreLoadExecutor-5-thread-2] INFO  org.apache.solr.core.SolrConfig  [   ] – Adding specified lib dirs to ClassLoader
4118 [coreLoadExecutor-5-thread-2] INFO  org.apache.solr.core.SolrResourceLoader  [   ] – Adding 'file:/C:/projects/semantic-knowledge-graph/deploy/solr/server/lib/jetty-continuation-8.1.10.v20130312.jar' to classloader
4118 [coreLoadExecutor-5-thread-2] INFO  org.apache.solr.core.SolrResourceLoader  [   ] – Adding 'file:/C:/projects/semantic-knowledge-graph/deploy/solr/server/lib/jetty-deploy-8.1.10.v20130312.jar' to classloader
4118 [coreLoadExecutor-5-thread-2] INFO  org.apache.solr.core.SolrResourceLoader  [   ] – Adding 'file:/C:/projects/semantic-knowledge-graph/deploy/solr/server/lib/jetty-http-8.1.10.v20130312.jar' to classloader
4118 [coreLoadExecutor-5-thread-2] INFO  org.apache.solr.core.SolrResourceLoader  [   ] – Adding 'file:/C:/projects/semantic-knowledge-graph/deploy/solr/server/lib/jetty-io-8.1.10.v20130312.jar' to classloader
4118 [coreLoadExecutor-5-thread-2] INFO  org.apache.solr.core.SolrResourceLoader  [   ] – Adding 'file:/C:/projects/semantic-knowledge-graph/deploy/solr/server/lib/jetty-jmx-8.1.10.v20130312.jar' to classloader
4118 [coreLoadExecutor-5-thread-2] INFO  org.apache.solr.core.SolrResourceLoader  [   ] – Adding 'file:/C:/projects/semantic-knowledge-graph/deploy/solr/server/lib/jetty-rewrite-8.1.10.v20130312.jar' to classloader
4118 [coreLoadExecutor-5-thread-2] INFO  org.apache.solr.core.SolrResourceLoader  [   ] – Adding 'file:/C:/projects/semantic-knowledge-graph/deploy/solr/server/lib/jetty-security-8.1.10.v20130312.jar' to classloader
4118 [coreLoadExecutor-5-thread-2] INFO  org.apache.solr.core.SolrResourceLoader  [   ] – Adding 'file:/C:/projects/semantic-knowledge-graph/deploy/solr/server/lib/jetty-server-8.1.10.v20130312.jar' to classloader
4118 [coreLoadExecutor-5-thread-2] INFO  org.apache.solr.core.SolrResourceLoader  [   ] – Adding 'file:/C:/projects/semantic-knowledge-graph/deploy/solr/server/lib/jetty-servlet-8.1.10.v20130312.jar' to classloader
4118 [coreLoadExecutor-5-thread-2] INFO  org.apache.solr.core.SolrResourceLoader  [   ] – Adding 'file:/C:/projects/semantic-knowledge-graph/deploy/solr/server/lib/jetty-util-8.1.10.v20130312.jar' to classloader
4118 [coreLoadExecutor-5-thread-2] INFO  org.apache.solr.core.SolrResourceLoader  [   ] – Adding 'file:/C:/projects/semantic-knowledge-graph/deploy/solr/server/lib/jetty-webapp-8.1.10.v20130312.jar' to classloader
4118 [coreLoadExecutor-5-thread-2] INFO  org.apache.solr.core.SolrResourceLoader  [   ] – Adding 'file:/C:/projects/semantic-knowledge-graph/deploy/solr/server/lib/jetty-xml-8.1.10.v20130312.jar' to classloader
4118 [coreLoadExecutor-5-thread-2] INFO  org.apache.solr.core.SolrResourceLoader  [   ] – Adding 'file:/C:/projects/semantic-knowledge-graph/deploy/solr/server/lib/knowledge-graph-1.0-SNAPSHOT.jar' to classloader
4118 [coreLoadExecutor-5-thread-2] INFO  org.apache.solr.core.SolrResourceLoader  [   ] – Adding 'file:/C:/projects/semantic-knowledge-graph/deploy/solr/server/lib/original-knowledge-graph-1.0-SNAPSHOT.jar' to classloader
4118 [coreLoadExecutor-5-thread-2] INFO  org.apache.solr.core.SolrResourceLoader  [   ] – Adding 'file:/C:/projects/semantic-knowledge-graph/deploy/solr/server/lib/servlet-api-3.0.jar' to classloader
4134 [coreLoadExecutor-5-thread-1] INFO  org.apache.solr.core.SolrConfig  [   ] – Using Lucene MatchVersion: 4.7.0
4150 [coreLoadExecutor-5-thread-2] INFO  org.apache.solr.core.SolrConfig  [   ] – Using Lucene MatchVersion: 5.10.0
4196 [coreLoadExecutor-5-thread-2] INFO  org.apache.solr.core.Config  [   ] – Loaded SolrConfig: solrconfig.xml
4212 [coreLoadExecutor-5-thread-1] INFO  org.apache.solr.core.Config  [   ] – Loaded SolrConfig: solrconfig.xml
4212 [coreLoadExecutor-5-thread-2] INFO  org.apache.solr.schema.IndexSchema  [   ] – Reading Solr Schema from C:\projects\semantic-knowledge-graph\deploy\solr\server\solr\knowledge-graph\conf\schema.xml
4212 [coreLoadExecutor-5-thread-1] INFO  org.apache.solr.schema.IndexSchema  [   ] – Reading Solr Schema from C:\projects\semantic-knowledge-graph\deploy\solr\server\solr\core0\conf\schema.xml
4228 [coreLoadExecutor-5-thread-2] INFO  org.apache.solr.schema.IndexSchema  [   ] – [knowledge-graph] Schema name=blank
4228 [coreLoadExecutor-5-thread-1] INFO  org.apache.solr.schema.IndexSchema  [   ] – [core0] Schema name=health-check-core
4259 [coreLoadExecutor-5-thread-1] INFO  org.apache.solr.schema.IndexSchema  [   ] – unique key field: id
4274 [coreLoadExecutor-5-thread-1] INFO  org.apache.solr.core.CoreContainer  [   ] – Creating SolrCore 'core0' using configuration from instancedir C:\projects\semantic-knowledge-graph\deploy\solr\server\solr\core0\
4274 [coreLoadExecutor-5-thread-1] INFO  org.apache.solr.core.SolrCore  [   ] – solr.NRTCachingDirectoryFactory
4306 [coreLoadExecutor-5-thread-2] INFO  org.apache.solr.schema.IndexSchema  [   ] – unique key field: id
4306 [coreLoadExecutor-5-thread-2] INFO  org.apache.solr.core.CoreContainer  [   ] – Creating SolrCore 'knowledge-graph' using configuration from instancedir C:\projects\semantic-knowledge-graph\deploy\solr\server\solr\knowledge-graph\
4306 [coreLoadExecutor-5-thread-2] INFO  org.apache.solr.core.SolrCore  [   ] – solr.NRTCachingDirectoryFactory
4306 [coreLoadExecutor-5-thread-1] INFO  org.apache.solr.core.SolrCore  [   ] – [core0] Opening new SolrCore at C:\projects\semantic-knowledge-graph\deploy\solr\server\solr\core0\, dataDir=C:\projects\semantic-knowledge-graph\deploy\solr\server\solr\core0\data\
4306 [coreLoadExecutor-5-thread-2] INFO  org.apache.solr.core.SolrCore  [   ] – [knowledge-graph] Opening new SolrCore at C:\projects\semantic-knowledge-graph\deploy\solr\server\solr\knowledge-graph\, dataDir=../../../cores/skg/data\
4306 [coreLoadExecutor-5-thread-1] INFO  org.apache.solr.core.JmxMonitoredMap  [   ] – No JMX servers found, not exposing Solr information with JMX.
4306 [coreLoadExecutor-5-thread-2] INFO  org.apache.solr.core.JmxMonitoredMap  [   ] – No JMX servers found, not exposing Solr information with JMX.
4352 [coreLoadExecutor-5-thread-1] INFO  org.apache.solr.core.CachingDirectoryFactory  [   ] – return new directory for C:\projects\semantic-knowledge-graph\deploy\solr\server\solr\core0\data
4352 [coreLoadExecutor-5-thread-2] INFO  org.apache.solr.core.CachingDirectoryFactory  [   ] – return new directory for C:\projects\semantic-knowledge-graph\cores\skg\data
4352 [coreLoadExecutor-5-thread-2] INFO  org.apache.solr.core.SolrCore  [   ] – New index directory detected: old=null new=../../../cores/skg/data\index/
4352 [coreLoadExecutor-5-thread-1] INFO  org.apache.solr.core.SolrCore  [   ] – New index directory detected: old=null new=C:\projects\semantic-knowledge-graph\deploy\solr\server\solr\core0\data\index/
4352 [coreLoadExecutor-5-thread-2] WARN  org.apache.solr.core.SolrCore  [   ] – [knowledge-graph] Solr index directory '..\..\..\cores\skg\data\index' doesn't exist. Creating new index...
4352 [coreLoadExecutor-5-thread-1] WARN  org.apache.solr.core.SolrCore  [   ] – [core0] Solr index directory 'C:\projects\semantic-knowledge-graph\deploy\solr\server\solr\core0\data\index' doesn't exist. Creating new index...
4368 [coreLoadExecutor-5-thread-2] INFO  org.apache.solr.core.CachingDirectoryFactory  [   ] – return new directory for C:\projects\semantic-knowledge-graph\cores\skg\data\index
4368 [coreLoadExecutor-5-thread-1] INFO  org.apache.solr.core.CachingDirectoryFactory  [   ] – return new directory for C:\projects\semantic-knowledge-graph\deploy\solr\server\solr\core0\data\index
4430 [coreLoadExecutor-5-thread-1] INFO  org.apache.solr.core.SolrCore  [   ] – SolrDeletionPolicy.onCommit: commits: num=1
	commit{dir=NRTCachingDirectory(MMapDirectory@C:\projects\semantic-knowledge-graph\deploy\solr\server\solr\core0\data\index lockFactory=org.apache.lucene.store.NativeFSLockFactory@1dbd7361; maxCacheMB=48.0 maxMergeSizeMB=4.0),segFN=segments_1,generation=1}
4430 [coreLoadExecutor-5-thread-2] INFO  org.apache.solr.core.SolrCore  [   ] – SolrDeletionPolicy.onCommit: commits: num=1
	commit{dir=NRTCachingDirectory(MMapDirectory@C:\projects\semantic-knowledge-graph\cores\skg\data\index lockFactory=org.apache.lucene.store.NativeFSLockFactory@1dbd7361; maxCacheMB=48.0 maxMergeSizeMB=4.0),segFN=segments_1,generation=1}
4430 [coreLoadExecutor-5-thread-2] INFO  org.apache.solr.core.SolrCore  [   ] – newest commit generation = 1
4430 [coreLoadExecutor-5-thread-1] INFO  org.apache.solr.core.SolrCore  [   ] – newest commit generation = 1
4586 [coreLoadExecutor-5-thread-1] INFO  org.apache.solr.core.SolrCore  [   ] – no updateRequestProcessorChain defined as default, creating implicit default
4602 [coreLoadExecutor-5-thread-2] INFO  org.apache.solr.core.SolrCore  [   ] – no updateRequestProcessorChain defined as default, creating implicit default
4618 [coreLoadExecutor-5-thread-2] INFO  org.apache.solr.handler.loader.XMLLoader  [   ] – xsltCacheLifetimeSeconds=60
4618 [coreLoadExecutor-5-thread-1] INFO  org.apache.solr.handler.loader.XMLLoader  [   ] – xsltCacheLifetimeSeconds=60
4618 [coreLoadExecutor-5-thread-2] INFO  org.apache.solr.handler.loader.XMLLoader  [   ] – xsltCacheLifetimeSeconds=60
4618 [coreLoadExecutor-5-thread-1] INFO  org.apache.solr.handler.loader.XMLLoader  [   ] – xsltCacheLifetimeSeconds=60
4618 [coreLoadExecutor-5-thread-2] INFO  org.apache.solr.handler.loader.XMLLoader  [   ] – xsltCacheLifetimeSeconds=60
4618 [coreLoadExecutor-5-thread-1] INFO  org.apache.solr.handler.loader.XMLLoader  [   ] – xsltCacheLifetimeSeconds=60
4618 [coreLoadExecutor-5-thread-2] INFO  org.apache.solr.handler.loader.XMLLoader  [   ] – xsltCacheLifetimeSeconds=60
4618 [coreLoadExecutor-5-thread-1] INFO  org.apache.solr.handler.loader.XMLLoader  [   ] – xsltCacheLifetimeSeconds=60
4633 [coreLoadExecutor-5-thread-1] INFO  org.apache.solr.core.PluginBag  [   ] – requestHandler : '/analysis/field' created with startup=lazy 
4633 [coreLoadExecutor-5-thread-1] INFO  org.apache.solr.core.PluginBag  [   ] – requestHandler : '/analysis/document' created with startup=lazy 
4649 [coreLoadExecutor-5-thread-2] INFO  org.apache.solr.core.PluginBag  [   ] – requestHandler : '/analysis/field' created with startup=lazy 
4649 [coreLoadExecutor-5-thread-2] INFO  org.apache.solr.core.PluginBag  [   ] – requestHandler : '/analysis/document' created with startup=lazy 
4649 [coreLoadExecutor-5-thread-2] INFO  org.apache.solr.core.PluginBag  [   ] – requestHandler : '/terms' created with startup=lazy 
4649 [coreLoadExecutor-5-thread-2] INFO  org.apache.solr.core.RequestHandlers  [   ] – Registered paths: /admin/mbeans,/update/json/docs,/admin/luke,/get,/admin/properties,/update/json,/admin/threads,/rel,/analysis/field,/analysis/document,/update/csv,/select,/admin/segments,/admin/system,/replication,/config,/schema,/admin/plugins,/admin/logging,/admin,/admin/ping,/update,/admin/file,/terms
4649 [coreLoadExecutor-5-thread-2] INFO  org.apache.solr.core.SolrCore  [   ] – Using default statsCache cache: org.apache.solr.search.stats.LocalStatsCache
4649 [coreLoadExecutor-5-thread-1] WARN  org.apache.solr.core.SolrResourceLoader  [   ] – Solr loaded a deprecated plugin/analysis class [solr.admin.AdminHandlers]. Please consult documentation how to replace it accordingly.
4649 [coreLoadExecutor-5-thread-1] INFO  org.apache.solr.core.RequestHandlers  [   ] – Registered paths: /admin/mbeans,/analysis/document,/update/csv,/update/json/docs,/admin/luke,/select,/admin/segments,/get,/admin/system,/replication,/admin/properties,/config,/schema,/admin/plugins,/admin/logging,/update/json,/admin,/admin/threads,/admin/ping,/update,/admin/file,/analysis/field
4649 [coreLoadExecutor-5-thread-1] INFO  org.apache.solr.core.SolrCore  [   ] – Using default statsCache cache: org.apache.solr.search.stats.LocalStatsCache
4649 [coreLoadExecutor-5-thread-2] INFO  org.apache.solr.update.UpdateHandler  [   ] – Using UpdateLog implementation: org.apache.solr.update.UpdateLog
4649 [coreLoadExecutor-5-thread-2] INFO  org.apache.solr.update.UpdateLog  [   ] – Initializing UpdateLog: dataDir= defaultSyncLevel=FLUSH numRecordsToKeep=100 maxNumLogsToKeep=10
4664 [coreLoadExecutor-5-thread-1] INFO  org.apache.solr.core.SolrCore  [   ] – Hard AutoCommit: disabled
4664 [coreLoadExecutor-5-thread-1] INFO  org.apache.solr.core.SolrCore  [   ] – Soft AutoCommit: disabled
4680 [coreLoadExecutor-5-thread-2] INFO  org.apache.solr.core.SolrCore  [   ] – Hard AutoCommit: disabled
4680 [coreLoadExecutor-5-thread-2] INFO  org.apache.solr.core.SolrCore  [   ] – Soft AutoCommit: if uncommited for 100000ms; 
4680 [coreLoadExecutor-5-thread-1] INFO  org.apache.solr.core.SolrCore  [   ] – SolrDeletionPolicy.onInit: commits: num=1
	commit{dir=NRTCachingDirectory(MMapDirectory@C:\projects\semantic-knowledge-graph\deploy\solr\server\solr\core0\data\index lockFactory=org.apache.lucene.store.NativeFSLockFactory@1dbd7361; maxCacheMB=48.0 maxMergeSizeMB=4.0),segFN=segments_1,generation=1}
4680 [coreLoadExecutor-5-thread-1] INFO  org.apache.solr.core.SolrCore  [   ] – newest commit generation = 1
4680 [coreLoadExecutor-5-thread-2] INFO  org.apache.solr.core.SolrCore  [   ] – SolrDeletionPolicy.onInit: commits: num=1
	commit{dir=NRTCachingDirectory(MMapDirectory@C:\projects\semantic-knowledge-graph\cores\skg\data\index lockFactory=org.apache.lucene.store.NativeFSLockFactory@1dbd7361; maxCacheMB=48.0 maxMergeSizeMB=4.0),segFN=segments_1,generation=1}
4680 [coreLoadExecutor-5-thread-2] INFO  org.apache.solr.core.SolrCore  [   ] – newest commit generation = 1
4696 [coreLoadExecutor-5-thread-1] INFO  org.apache.solr.search.SolrIndexSearcher  [   ] – Opening Searcher@38787b06[core0] main
4696 [coreLoadExecutor-5-thread-2] INFO  org.apache.solr.search.SolrIndexSearcher  [   ] – Opening Searcher@3c7d69a3[knowledge-graph] main
4696 [coreLoadExecutor-5-thread-1] INFO  org.apache.solr.rest.ManagedResourceStorage  [   ] – File-based storage initialized to use dir: C:\projects\semantic-knowledge-graph\deploy\solr\server\solr\core0\conf
4696 [coreLoadExecutor-5-thread-2] INFO  org.apache.solr.rest.ManagedResourceStorage  [   ] – File-based storage initialized to use dir: C:\projects\semantic-knowledge-graph\deploy\solr\server\solr\knowledge-graph\conf
4696 [coreLoadExecutor-5-thread-1] INFO  org.apache.solr.rest.RestManager  [   ] – Initializing RestManager with initArgs: {storageDir=C:\projects\semantic-knowledge-graph\deploy\solr\server\solr\core0\conf}
4696 [coreLoadExecutor-5-thread-2] INFO  org.apache.solr.rest.RestManager  [   ] – Initializing RestManager with initArgs: {storageDir=C:\projects\semantic-knowledge-graph\deploy\solr\server\solr\knowledge-graph\conf}
4696 [coreLoadExecutor-5-thread-2] INFO  org.apache.solr.rest.ManagedResourceStorage  [   ] – Reading _rest_managed.json using file:dir=C:\projects\semantic-knowledge-graph\deploy\solr\server\solr\knowledge-graph\conf
4696 [coreLoadExecutor-5-thread-1] INFO  org.apache.solr.rest.ManagedResourceStorage  [   ] – Reading _rest_managed.json using file:dir=C:\projects\semantic-knowledge-graph\deploy\solr\server\solr\core0\conf
4696 [coreLoadExecutor-5-thread-2] INFO  org.apache.solr.rest.RestManager  [   ] – Initializing 0 registered ManagedResources
4696 [coreLoadExecutor-5-thread-1] INFO  org.apache.solr.rest.RestManager  [   ] – Initializing 0 registered ManagedResources
4711 [coreLoadExecutor-5-thread-2] INFO  org.apache.solr.handler.ReplicationHandler  [   ] – Commits will be reserved for  10000
4711 [coreLoadExecutor-5-thread-1] INFO  org.apache.solr.handler.ReplicationHandler  [   ] – Commits will be reserved for  10000
4711 [coreLoadExecutor-5-thread-2] WARN  org.apache.solr.handler.admin.AdminHandlers  [   ] – <requestHandler name="/admin/" 
 class="solr.admin.AdminHandlers" /> is deprecated . It is not required anymore
4711 [coreLoadExecutor-5-thread-1] WARN  org.apache.solr.handler.admin.AdminHandlers  [   ] – <requestHandler name="/admin/" 
 class="solr.admin.AdminHandlers" /> is deprecated . It is not required anymore
4711 [searcherExecutor-7-thread-1] INFO  org.apache.solr.core.SolrCore  [   ] – [knowledge-graph] Registered new searcher Searcher@3c7d69a3[knowledge-graph] main{ExitableDirectoryReader(UninvertingDirectoryReader())}
4711 [searcherExecutor-6-thread-1] INFO  org.apache.solr.core.SolrCore  [   ] – [core0] Registered new searcher Searcher@38787b06[core0] main{ExitableDirectoryReader(UninvertingDirectoryReader())}
4711 [coreLoadExecutor-5-thread-1] INFO  org.apache.solr.core.CoreContainer  [   ] – registering core: core0
4711 [coreLoadExecutor-5-thread-2] INFO  org.apache.solr.core.CoreContainer  [   ] – registering core: knowledge-graph
4711 [main] INFO  org.apache.solr.servlet.SolrDispatchFilter  [   ] – user.dir=C:\projects\semantic-knowledge-graph\deploy\solr\server
4711 [main] INFO  org.apache.solr.servlet.SolrDispatchFilter  [   ] – SolrDispatchFilter.init() done
4742 [main] INFO  org.eclipse.jetty.server.AbstractConnector  [   ] – Started SocketConnector@0.0.0.0:8983
130792 [qtp2005733474-21] INFO  org.apache.solr.servlet.SolrDispatchFilter  [   ] – [admin] webapp=null path=/admin/cores params={indexInfo=false&wt=json&_=1554337993004} status=0 QTime=12 
130839 [qtp2005733474-21] INFO  org.apache.solr.servlet.SolrDispatchFilter  [   ] – [admin] webapp=null path=/admin/info/system params={wt=json&_=1554337993046} status=0 QTime=19 
140803 [qtp2005733474-19] ERROR org.apache.solr.handler.admin.ShowFileRequestHandler  [   knowledge-graph] – Can not find: admin-extra.menu-bottom.html [C:\projects\semantic-knowledge-graph\deploy\solr\server\solr\knowledge-graph\conf\admin-extra.menu-bottom.html]
140805 [qtp2005733474-19] INFO  org.apache.solr.core.SolrCore.Request  [   knowledge-graph] – [knowledge-graph] webapp=/solr path=/admin/file params={file=admin-extra.menu-bottom.html&contentType=text/html;charset%3Dutf-8&_=1554338002997} status=404 QTime=8 
140803 [qtp2005733474-14] ERROR org.apache.solr.handler.admin.ShowFileRequestHandler  [   knowledge-graph] – Can not find: admin-extra.menu-top.html [C:\projects\semantic-knowledge-graph\deploy\solr\server\solr\knowledge-graph\conf\admin-extra.menu-top.html]
140807 [qtp2005733474-14] INFO  org.apache.solr.core.SolrCore.Request  [   knowledge-graph] – [knowledge-graph] webapp=/solr path=/admin/file params={file=admin-extra.menu-top.html&contentType=text/html;charset%3Dutf-8&_=1554338002995} status=404 QTime=11 
140852 [qtp2005733474-21] INFO  org.apache.solr.core.SolrCore.Request  [   knowledge-graph] – [knowledge-graph] webapp=/solr path=/admin/luke params={show=index&numTerms=0&wt=json&_=1554338003063} status=0 QTime=1 
140856 [qtp2005733474-15] INFO  org.apache.solr.core.SolrCore.Request  [   knowledge-graph] – [knowledge-graph] webapp=/solr path=/replication params={wt=json&command=details&_=1554338003069} status=0 QTime=4 
140856 [qtp2005733474-14] INFO  org.apache.solr.core.SolrCore.Request  [   knowledge-graph] – [knowledge-graph] webapp=/solr path=/admin/system params={wt=json&_=1554338003071} status=0 QTime=3 
140860 [qtp2005733474-19] ERROR org.apache.solr.handler.admin.ShowFileRequestHandler  [   knowledge-graph] – Can not find: admin-extra.html [C:\projects\semantic-knowledge-graph\deploy\solr\server\solr\knowledge-graph\conf\admin-extra.html]
140860 [qtp2005733474-19] INFO  org.apache.solr.core.SolrCore.Request  [   knowledge-graph] – [knowledge-graph] webapp=/solr path=/admin/file params={file=admin-extra.html&_=1554338003072} status=404 QTime=1 
140865 [qtp2005733474-23] INFO  org.apache.solr.core.SolrCore.Request  [   knowledge-graph] – [knowledge-graph] webapp=/solr path=/admin/ping params={action=status&wt=json&_=1554338003073} status=0 QTime=1 
150623 [qtp2005733474-21] INFO  org.apache.solr.core.SolrCore.Request  [   knowledge-graph] – [knowledge-graph] webapp=/solr path=/select params={q=*:*&indent=true&wt=json&_=1554338012826} hits=0 status=0 QTime=18 
170143 [qtp2005733474-23] INFO  org.apache.solr.core.SolrCore.Request  [   knowledge-graph] – [knowledge-graph] webapp=/solr path=/admin/file params={wt=json&_=1554338032365} status=0 QTime=4 
249667 [qtp2005733474-16] ERROR org.apache.solr.core.SolrCore  [   knowledge-graph] – org.apache.solr.common.SolrException: KnowledgeGraphHandler requires POST data
	at com.careerbuilder.search.relevancy.KnowledgeGraphHandler.throwWithClassName(KnowledgeGraphHandler.java:78)
	at com.careerbuilder.search.relevancy.KnowledgeGraphHandler.getPostString(KnowledgeGraphHandler.java:65)
	at com.careerbuilder.search.relevancy.KnowledgeGraphHandler.parsePost(KnowledgeGraphHandler.java:44)
	at com.careerbuilder.search.relevancy.KnowledgeGraphHandler.handleRequestBody(KnowledgeGraphHandler.java:33)
	at org.apache.solr.handler.RequestHandlerBase.handleRequest(RequestHandlerBase.java:143)
	at org.apache.solr.core.SolrCore.execute(SolrCore.java:1984)
	at org.apache.solr.servlet.SolrDispatchFilter.execute(SolrDispatchFilter.java:829)
	at org.apache.solr.servlet.SolrDispatchFilter.doFilter(SolrDispatchFilter.java:446)
	at org.apache.solr.servlet.SolrDispatchFilter.doFilter(SolrDispatchFilter.java:220)
	at org.eclipse.jetty.servlet.ServletHandler$CachedChain.doFilter(ServletHandler.java:1419)
	at org.eclipse.jetty.servlet.ServletHandler.doHandle(ServletHandler.java:455)
	at org.eclipse.jetty.server.handler.ScopedHandler.handle(ScopedHandler.java:137)
	at org.eclipse.jetty.security.SecurityHandler.handle(SecurityHandler.java:557)
	at org.eclipse.jetty.server.session.SessionHandler.doHandle(SessionHandler.java:231)
	at org.eclipse.jetty.server.handler.ContextHandler.doHandle(ContextHandler.java:1075)
	at org.eclipse.jetty.servlet.ServletHandler.doScope(ServletHandler.java:384)
	at org.eclipse.jetty.server.session.SessionHandler.doScope(SessionHandler.java:193)
	at org.eclipse.jetty.server.handler.ContextHandler.doScope(ContextHandler.java:1009)
	at org.eclipse.jetty.server.handler.ScopedHandler.handle(ScopedHandler.java:135)
	at org.eclipse.jetty.server.handler.ContextHandlerCollection.handle(ContextHandlerCollection.java:255)
	at org.eclipse.jetty.server.handler.HandlerCollection.handle(HandlerCollection.java:154)
	at org.eclipse.jetty.server.handler.HandlerWrapper.handle(HandlerWrapper.java:116)
	at org.eclipse.jetty.server.Server.handle(Server.java:368)
	at org.eclipse.jetty.server.AbstractHttpConnection.handleRequest(AbstractHttpConnection.java:489)
	at org.eclipse.jetty.server.BlockingHttpConnection.handleRequest(BlockingHttpConnection.java:53)
	at org.eclipse.jetty.server.AbstractHttpConnection.headerComplete(AbstractHttpConnection.java:942)
	at org.eclipse.jetty.server.AbstractHttpConnection$RequestHandler.headerComplete(AbstractHttpConnection.java:1004)
	at org.eclipse.jetty.http.HttpParser.parseNext(HttpParser.java:640)
	at org.eclipse.jetty.http.HttpParser.parseAvailable(HttpParser.java:235)
	at org.eclipse.jetty.server.BlockingHttpConnection.handle(BlockingHttpConnection.java:72)
	at org.eclipse.jetty.server.bio.SocketConnector$ConnectorEndPoint.run(SocketConnector.java:264)
	at org.eclipse.jetty.util.thread.QueuedThreadPool.runJob(QueuedThreadPool.java:608)
	at org.eclipse.jetty.util.thread.QueuedThreadPool$3.run(QueuedThreadPool.java:543)
	at java.lang.Thread.run(Thread.java:745)

249668 [qtp2005733474-16] INFO  org.apache.solr.core.SolrCore.Request  [   knowledge-graph] – [knowledge-graph] webapp=/solr path=/rel params={} status=400 QTime=4 
619700 [qtp2005733474-23] INFO  org.apache.solr.servlet.SolrDispatchFilter  [   ] – [admin] webapp=null path=/admin/cores params={indexInfo=false&wt=json&_=1554338481923} status=0 QTime=1 
619719 [qtp2005733474-23] INFO  org.apache.solr.servlet.SolrDispatchFilter  [   ] – [admin] webapp=null path=/admin/info/system params={wt=json&_=1554338481944} status=0 QTime=0 
619756 [qtp2005733474-23] INFO  org.apache.solr.core.SolrCore.Request  [   knowledge-graph] – [knowledge-graph] webapp=/solr path=/admin/file params={wt=json&_=1554338481980} status=0 QTime=2 
623378 [qtp2005733474-23] ERROR org.apache.solr.handler.admin.ShowFileRequestHandler  [   core0] – Can not find: admin-extra.menu-top.html [C:\projects\semantic-knowledge-graph\deploy\solr\server\solr\core0\conf\admin-extra.menu-top.html]
623378 [qtp2005733474-23] INFO  org.apache.solr.core.SolrCore.Request  [   core0] – [core0] webapp=/solr path=/admin/file params={file=admin-extra.menu-top.html&contentType=text/html;charset%3Dutf-8&_=1554338485601} status=404 QTime=1 
623381 [qtp2005733474-19] ERROR org.apache.solr.handler.admin.ShowFileRequestHandler  [   core0] – Can not find: admin-extra.menu-bottom.html [C:\projects\semantic-knowledge-graph\deploy\solr\server\solr\core0\conf\admin-extra.menu-bottom.html]
623382 [qtp2005733474-19] INFO  org.apache.solr.core.SolrCore.Request  [   core0] – [core0] webapp=/solr path=/admin/file params={file=admin-extra.menu-bottom.html&contentType=text/html;charset%3Dutf-8&_=1554338485602} status=404 QTime=1 
623413 [qtp2005733474-23] INFO  org.apache.solr.core.SolrCore.Request  [   core0] – [core0] webapp=/solr path=/admin/luke params={show=index&numTerms=0&wt=json&_=1554338485629} status=0 QTime=2 
623417 [qtp2005733474-19] INFO  org.apache.solr.core.SolrCore.Request  [   core0] – [core0] webapp=/solr path=/replication params={wt=json&command=details&_=1554338485634} status=0 QTime=3 
623426 [qtp2005733474-16] INFO  org.apache.solr.core.SolrCore.Request  [   core0] – [core0] webapp=/solr path=/admin/system params={wt=json&_=1554338485635} status=0 QTime=2 
623429 [qtp2005733474-18] ERROR org.apache.solr.handler.admin.ShowFileRequestHandler  [   core0] – Can not find: admin-extra.html [C:\projects\semantic-knowledge-graph\deploy\solr\server\solr\core0\conf\admin-extra.html]
623429 [qtp2005733474-18] INFO  org.apache.solr.core.SolrCore.Request  [   core0] – [core0] webapp=/solr path=/admin/file params={file=admin-extra.html&_=1554338485637} status=404 QTime=0 
623432 [qtp2005733474-19] INFO  org.apache.solr.core.SolrCore.Request  [   core0] – [core0] webapp=/solr path=/admin/ping params={action=status&wt=json&_=1554338485638} status=0 QTime=1 
626770 [qtp2005733474-19] INFO  org.apache.solr.core.SolrCore.Request  [   knowledge-graph] – [knowledge-graph] webapp=/solr path=/admin/luke params={show=index&numTerms=0&wt=json&_=1554338488990} status=0 QTime=0 
626775 [qtp2005733474-16] INFO  org.apache.solr.core.SolrCore.Request  [   knowledge-graph] – [knowledge-graph] webapp=/solr path=/replication params={wt=json&command=details&_=1554338488992} status=0 QTime=2 
626777 [qtp2005733474-18] INFO  org.apache.solr.core.SolrCore.Request  [   knowledge-graph] – [knowledge-graph] webapp=/solr path=/admin/system params={wt=json&_=1554338488993} status=0 QTime=2 
626780 [qtp2005733474-16] ERROR org.apache.solr.handler.admin.ShowFileRequestHandler  [   knowledge-graph] – Can not find: admin-extra.html [C:\projects\semantic-knowledge-graph\deploy\solr\server\solr\knowledge-graph\conf\admin-extra.html]
626781 [qtp2005733474-16] INFO  org.apache.solr.core.SolrCore.Request  [   knowledge-graph] – [knowledge-graph] webapp=/solr path=/admin/file params={file=admin-extra.html&_=1554338488995} status=404 QTime=1 
626791 [qtp2005733474-23] INFO  org.apache.solr.core.SolrCore.Request  [   knowledge-graph] – [knowledge-graph] webapp=/solr path=/admin/ping params={action=status&wt=json&_=1554338488996} status=0 QTime=0 
662977 [qtp2005733474-23] INFO  org.apache.solr.update.processor.LogUpdateProcessor  [   knowledge-graph] – [knowledge-graph] webapp=/solr path=/update params={commitWithin=1000&wt=json&overwrite=true} {add=[1 (1629842073333006336), 2 (1629842073406406656), 3 (1629842073406406657), 4 (1629842073406406658), 5 (1629842073406406659), 6 (1629842073406406660), 7 (1629842073406406661), 8 (1629842073406406662), 9 (1629842073406406663), 10 (1629842073406406664)]} 0 110
663989 [commitScheduler-12-thread-1] INFO  org.apache.solr.update.UpdateHandler  [   knowledge-graph] – start commit{,optimize=false,openSearcher=true,waitSearcher=true,expungeDeletes=false,softCommit=true,prepareCommit=false}
664098 [commitScheduler-12-thread-1] INFO  org.apache.solr.search.SolrIndexSearcher  [   knowledge-graph] – Opening Searcher@31e8477c[knowledge-graph] main
664114 [commitScheduler-12-thread-1] INFO  org.apache.solr.update.UpdateHandler  [   knowledge-graph] – end_commit_flush
664114 [searcherExecutor-7-thread-1] INFO  org.apache.solr.core.SolrCore  [   ] – [knowledge-graph] Registered new searcher Searcher@31e8477c[knowledge-graph] main{ExitableDirectoryReader(UninvertingDirectoryReader(Uninverting(_0(5.1.0):C10)))}
674184 [qtp2005733474-23] INFO  org.apache.solr.core.SolrCore.Request  [   knowledge-graph] – [knowledge-graph] webapp=/solr path=/select params={q=*:*&indent=true&wt=json&_=1554338536369} hits=10 status=0 QTime=6 
803163 [qtp2005733474-17] ERROR org.apache.solr.core.SolrCore  [   knowledge-graph] – org.apache.solr.common.SolrException: Values of type "jobtitle" cannot be generated automatically or normalized (adapted as "jobtitle")
	at com.careerbuilder.search.relevancy.FieldChecker.checkField(FieldChecker.java:14)
	at com.careerbuilder.search.relevancy.RequestValidator.recurse(RequestValidator.java:37)
	at com.careerbuilder.search.relevancy.RequestValidator.validate(RequestValidator.java:28)
	at com.careerbuilder.search.relevancy.KnowledgeGraphHandler.handleRequestBody(KnowledgeGraphHandler.java:34)
	at org.apache.solr.handler.RequestHandlerBase.handleRequest(RequestHandlerBase.java:143)
	at org.apache.solr.core.SolrCore.execute(SolrCore.java:1984)
	at org.apache.solr.servlet.SolrDispatchFilter.execute(SolrDispatchFilter.java:829)
	at org.apache.solr.servlet.SolrDispatchFilter.doFilter(SolrDispatchFilter.java:446)
	at org.apache.solr.servlet.SolrDispatchFilter.doFilter(SolrDispatchFilter.java:220)
	at org.eclipse.jetty.servlet.ServletHandler$CachedChain.doFilter(ServletHandler.java:1419)
	at org.eclipse.jetty.servlet.ServletHandler.doHandle(ServletHandler.java:455)
	at org.eclipse.jetty.server.handler.ScopedHandler.handle(ScopedHandler.java:137)
	at org.eclipse.jetty.security.SecurityHandler.handle(SecurityHandler.java:557)
	at org.eclipse.jetty.server.session.SessionHandler.doHandle(SessionHandler.java:231)
	at org.eclipse.jetty.server.handler.ContextHandler.doHandle(ContextHandler.java:1075)
	at org.eclipse.jetty.servlet.ServletHandler.doScope(ServletHandler.java:384)
	at org.eclipse.jetty.server.session.SessionHandler.doScope(SessionHandler.java:193)
	at org.eclipse.jetty.server.handler.ContextHandler.doScope(ContextHandler.java:1009)
	at org.eclipse.jetty.server.handler.ScopedHandler.handle(ScopedHandler.java:135)
	at org.eclipse.jetty.server.handler.ContextHandlerCollection.handle(ContextHandlerCollection.java:255)
	at org.eclipse.jetty.server.handler.HandlerCollection.handle(HandlerCollection.java:154)
	at org.eclipse.jetty.server.handler.HandlerWrapper.handle(HandlerWrapper.java:116)
	at org.eclipse.jetty.server.Server.handle(Server.java:368)
	at org.eclipse.jetty.server.AbstractHttpConnection.handleRequest(AbstractHttpConnection.java:489)
	at org.eclipse.jetty.server.BlockingHttpConnection.handleRequest(BlockingHttpConnection.java:53)
	at org.eclipse.jetty.server.AbstractHttpConnection.content(AbstractHttpConnection.java:953)
	at org.eclipse.jetty.server.AbstractHttpConnection$RequestHandler.content(AbstractHttpConnection.java:1014)
	at org.eclipse.jetty.http.HttpParser.parseNext(HttpParser.java:861)
	at org.eclipse.jetty.http.HttpParser.parseAvailable(HttpParser.java:240)
	at org.eclipse.jetty.server.BlockingHttpConnection.handle(BlockingHttpConnection.java:72)
	at org.eclipse.jetty.server.bio.SocketConnector$ConnectorEndPoint.run(SocketConnector.java:264)
	at org.eclipse.jetty.util.thread.QueuedThreadPool.runJob(QueuedThreadPool.java:608)
	at org.eclipse.jetty.util.thread.QueuedThreadPool$3.run(QueuedThreadPool.java:543)
	at java.lang.Thread.run(Thread.java:745)

803163 [qtp2005733474-17] INFO  org.apache.solr.core.SolrCore.Request  [   knowledge-graph] – [knowledge-graph] webapp=/solr path=/rel params={} status=400 QTime=16 
846750 [qtp2005733474-15] INFO  org.apache.solr.core.SolrCore.Request  [   knowledge-graph] – [knowledge-graph] webapp=/solr path=/admin/mbeans params={cat=QUERYHANDLER&wt=json&_=1554338708961} status=0 QTime=0 
922745 [qtp2005733474-17] INFO  org.apache.solr.update.processor.LogUpdateProcessor  [   knowledge-graph] – [knowledge-graph] webapp=/solr path=/update params={commitWithin=1000&wt=json&overwrite=true} {add=[1 (1629842345768779776), 2 (1629842345776119808), 3 (1629842345777168384), 4 (1629842345777168385), 5 (1629842345777168386), 6 (1629842345777168387), 7 (1629842345792897024), 8 (1629842345792897025), 9 (1629842345792897026), 10 (1629842345792897027)]} 0 29
923733 [commitScheduler-12-thread-1] INFO  org.apache.solr.update.UpdateHandler  [   knowledge-graph] – start commit{,optimize=false,openSearcher=true,waitSearcher=true,expungeDeletes=false,softCommit=true,prepareCommit=false}
923764 [commitScheduler-12-thread-1] INFO  org.apache.solr.search.SolrIndexSearcher  [   knowledge-graph] – Opening Searcher@3aa76cc6[knowledge-graph] main
923764 [commitScheduler-12-thread-1] INFO  org.apache.solr.update.UpdateHandler  [   knowledge-graph] – end_commit_flush
923764 [searcherExecutor-7-thread-1] INFO  org.apache.solr.core.SolrCore  [   ] – [knowledge-graph] Registered new searcher Searcher@3aa76cc6[knowledge-graph] main{ExitableDirectoryReader(UninvertingDirectoryReader(Uninverting(_1(5.1.0):C10)))}
957996 [qtp2005733474-17] INFO  org.apache.solr.core.SolrCore.Request  [   knowledge-graph] – [knowledge-graph] webapp=/solr path=/select params={q=*:*&indent=true&wt=json&_=1554338820205} hits=10 status=0 QTime=1 
